************************************************************************************************************************************
Date:02/15/23    Time:17:02:33    Model:                   High BPR Turbofan Multiple-point Design Model    converge = 1   CASE:   0 
Version: NPSS_1.6.4 - Rev: V    Gas Package:GasTbl    iter/pass/Jacb/Broy=  6/ 79/ 1/ 4    Run by:          jdecroix3      PC:     0 
                                                                                                                                     
                                       SUMMARY OUTPUT DATA                                                                           
    MN       alt    dTamb         W         Fn      TSFC      Wfuel       BPR      VTAS      OPR       T4      T41      T49          
 0.780   35000.0     0.00    556.24     6685.4    0.5215    3486.23   11.5523    758.89   45.400   2994.5   2939.6   2147.8          
                                Thermal Eff: 0.5618     Propulsive Eff: 0.6450     Overall Eff: 0.3624                               

                                        FLOW STATION DATA                                                                     
                                W        Pt        Tt       ht     FAR       Wc        Ps        Ts     Aphy      MN      gamt
FS_1   PNT1.Ambient.Fl_O   556.24     5.166    441.74   105.73  0.0000  1460.29     3.458    393.85   4453.9  0.7800   1.39962
FS1bld PNT1.Inlet.Bleed>     0.00     5.161    441.74   105.73  0.0000     0.00     0.000      0.00      0.0  0.0000   1.39962
FS1byp PNT1.Inlet.Bypas>     0.00     5.161    441.74   105.73  0.0000     0.00     0.000      0.00      0.0  0.0000   1.39962
FS_11  PNT1.Inlet.Fl_O     556.24     5.161    441.74   105.73  0.0000  1461.72     3.781    404.82   4767.6  0.6757   1.39962
FS_2   PNT1.InletFlowCo>   556.24     5.161    441.74   105.73  0.0000  1461.72     3.826    405.55   4767.6  0.6685   1.39962
FS_21  PNT1.Fan.Fl_O       556.24     7.845    503.35   120.50  0.0000  1026.53     7.007    486.90   4640.3  0.4108   1.40052
FS_13  PNT1.Splitter.Fl>   511.93     7.845    503.35   120.50  0.0000   944.75     6.959    485.92   4169.8  0.4231   1.40052
FS_22  PNT1.Splitter.Fl>    44.31     7.845    503.35   120.50  0.0000    81.78     7.351    493.86    470.5  0.3098   1.40052
FS_15  PNT1.BypBld.Fl_O    511.93     7.845    503.35   120.50  0.0000   944.75     6.959    485.92   4169.8  0.4231   1.40052
FS_23  PNT1.Duct4.Fl_O      44.31     7.807    503.35   120.50  0.0000    82.18     7.310    493.75    470.5  0.3115   1.40052
FS_24  PNT1.LPC.Fl_O        44.31    17.534    647.52   155.15  0.0000    41.50    16.687    638.50    274.2  0.2665   1.39776
FS_25  PNT1.Duct6.Fl_O      44.31    17.356    647.52   155.15  0.0000    41.92    15.894    631.57    214.2  0.3563   1.39776
FS_3   PNT1.HPC.Fl_O        40.20   234.309   1418.64   348.07  0.0000     4.17   229.222   1410.52     40.4  0.1801   1.35519
FS_36  PNT1.Bld3.Fl_O       36.24   234.309   1418.64   348.07  0.0000     3.76   229.222   1410.52     36.5  0.1801   1.35519
C_HPTi PNT1.BldSplit.Fl>     1.50   228.451   1418.64   348.07  0.0000     0.16   223.492   1410.52      1.5  0.1801   1.35519
FS_4   PNT1.Burner.Fl_O     37.21   228.451   2994.50   822.08  0.0267     5.75   227.630   2992.15    135.1  0.0754   1.27843
FS_45  PNT1.HPT.Fl_O        41.16    57.638   2196.64   576.79  0.0241    21.60    52.885   2152.87    111.5  0.3650   1.30450
FS_46  PNT1.ATD_Bleed.F>    41.16    57.638   2196.64   576.79  0.0241    21.60    52.885   2152.87    111.5  0.3650   1.30450
FS_48  PNT1.Duct11.Fl_O     41.16    57.346   2196.64   576.79  0.0241    21.71    52.195   2148.81    107.9  0.3819   1.30450
FS_5   PNT1.LPT.Fl_O        43.28     6.385   1334.61   333.23  0.0229   159.79     5.415   1279.21    634.4  0.5000   1.34454
FS_7   PNT1.Duct13.Fl_O     43.28     6.317   1334.61   333.23  0.0229   161.52     5.191   1268.85    602.7  0.5466   1.34454
FS_9   PNT1.Core_Nozz.F>    43.28     6.317   1334.61   333.23  0.0229   161.52     3.458   1141.39    476.8  0.9808   1.34454
FS_16  PNT1.Duct15.Fl_O    511.93     7.738    503.35   120.50  0.0000   957.73     6.837    485.34   4169.8  0.4304   1.40052
FS_17  PNT1.Bld16.Fl_O     511.93     7.738    503.35   120.50  0.0000   957.73     7.280    494.44   5671.2  0.3000   1.40052
FS_19  PNT1.Byp_Nozz.Fl>   511.93     7.738    503.35   120.50  0.0000   957.73     4.103    419.49   2782.3  1.0000   1.40052

TURBOMACHINERY PERFORMANCE DATA                                                                                       
               Wc      PR      eff           0       TR   efPoly        pwr     SMN     SMW     s_Re  TC_delta        
PNT1.Fan  1461.72   1.520   0.9250           0   1.1395   0.9286   -11629.2   35.91   26.27  1.00000    0.0000        
PNT1.LPC    82.18   2.246   0.9052           0   1.2864   0.9150    -2172.1   15.96   15.64  1.00000    0.0000        
PNT1.HPC    41.92  13.500   0.8819           0   2.1909   0.9150   -11533.9   25.68   26.13  1.00000    0.0000        
PNT1.HPT     5.75   3.964   0.8900           0   1.3098   0.8734    11633.9    0.00    0.00  0.00000           -0.0000
PNT1.LPT    21.71   8.981   0.9110           0   1.6055   0.8854    13940.7    0.00    0.00  0.00000           -0.0000

TURBOMACHINERY MAP DATA                                                                          
            WcMap   PRmap   effMap      NcMap    R/Parm     s_WcDes   s_PRdes  s_effDes   s_NcDes
PNT1.Fan   803.56   1.520   0.9248      0.990    2.2000      1.8191    1.0002    1.0002    0.0002
PNT1.LPC    87.65   2.246   0.9051      1.000    2.1500      0.9376    1.0000    1.0001    0.0002
PNT1.HPC    45.35  13.486   0.8820      0.960    2.0500      0.9244    1.0011    0.9999    0.0001
PNT1.HPT    10.14   6.000   0.8998    100.000    6.0000      0.5670    1.6872    0.9891    0.0178
PNT1.LPT    35.30   6.320   0.9232    100.000    6.3200      0.6150    0.6666    0.9868    0.0426

===INLETS====    eRam       Afs      Fram                                                                                             
PNT1.Inlet     0.9990   4453.88   13120.1         BLEEDS - interstg  Wb/Win    BldWk     BldP          W        Tt       ht        Pt 
                                                  ABTC       PNT1>  0.000000   1.0000   1.0000     0.0000    647.52   155.15    17.534
====DUCTS====  dPnorm        MN      Aphy         CCC        PNT1>  0.000000   1.0000   1.0000     0.0000    647.52   155.15    17.534
PNT1.Duct4     0.0048    0.3098    470.48         ATDbleed   PNT1>  0.000000   1.0000   1.0000     0.0000   1418.64   348.07   234.309
PNT1.Duct6     0.0101    0.2665    274.20         CstmrBld   PNT1>  0.045133   0.5000   0.5000     2.0000   1041.49   251.61   125.832
PNT1.Duct11    0.0051    0.3650    111.54         C_LPTe     PNT1>  0.002612   0.5000   0.5000     0.1157   1041.49   251.61     6.385
PNT1.Duct13    0.0107    0.5000    634.44         C_LPTi     PNT1>  0.045169   0.5000   0.5000     2.0016   1041.49   251.61    57.346
PNT1.Duct15    0.0136    0.4231   4169.81         FCbleed    PNT1>  0.000000   0.0000   0.0499     0.0000    647.52   155.15    28.186
                                                  IFCbleed   PNT1>  0.000000   0.5000   0.5000     0.0000   1041.49   251.61   125.832
==SPLITTERS==     BPR    dP/P 1    dP/P 2         LPTFCbleed PNT1>  0.000000   0.5000   0.5500     0.0000   1041.49   251.61     6.385
PNT1.Splitt>  11.5523    0.0000    0.0000                                                                                             
                                                  BLEEDS - output    Wb/Win   hscale   Pscale          W        Tt       ht        Pt 
===SHAFTS====   Nmech    trq in    pwr in         Duct15Lk PNT1.B>  0.000000   1.0000   1.0000     0.0000    503.35   120.50     7.845
PNT1.HP_Sha>  13500.00    4526.1   11633.9        HX_CE    PNT1.B>  0.000000   1.0000   1.0000     0.0000    503.35   120.50     7.845
PNT1.LP_Sha>   4833.00   15149.7   13940.7        HX_ICE   PNT1.B>  0.000000   1.0000   1.0000     0.0000    503.35   120.50     7.845
                                                  C_HPT    PNT1.B>  0.098395   1.0000   1.0000     3.9552   1418.64   348.07   234.309
                                                  C_HPTe   PNT1.B>  0.620828   1.0000   1.0000     2.4555   1418.64   348.07    57.638
                                                  Circbld  PNT1.B>  0.000000   1.0000   1.0000     0.0000    503.35   120.50     7.738

===BURNERS===   TtOut       eff    dPnorm      Wfuel       FAR    EINOx                   
PNT1.Burner   2994.50    0.9990    0.0250    0.96840   0.02672   11.134                   
                                                                                          
                                                                                          
===NOZZLES===      PR       Cfg      CdTh       Cv        Ath      MNth     Vact        Fg
PNT1.Core_N>    1.827    0.9905    0.9458   0.9905     504.14     0.981   1584.4    2131.5
PNT1.Byp_No>    2.238    0.9967    0.9585   0.9948    2902.67     1.000    998.5   17680.8





