************************************************************************************************************************************
Date:02/15/23    Time:17:02:33    Model:                   High BPR Turbofan Multiple-point Design Model    converge = 1   CASE:   0 
Version: NPSS_1.6.4 - Rev: V    Gas Package:GasTbl    iter/pass/Jacb/Broy=  6/ 79/ 1/ 4    Run by:          jdecroix3      PC:     0 
                                                                                                                                     
                                       SUMMARY OUTPUT DATA                                                                           
    MN       alt    dTamb         W         Fn      TSFC      Wfuel       BPR      VTAS      OPR       T4      T41      T49          
 0.250       0.0    27.00   1286.29    25400.0    0.3696    9387.64   11.8101    286.26   37.898   3380.0   3320.3   2444.9          
                                Thermal Eff: 0.5044     Propulsive Eff: 0.3823     Overall Eff: 0.1928                               

                                        FLOW STATION DATA                                                                     
                                W        Pt        Tt       ht     FAR       Wc        Ps        Ts     Aphy      MN      gamt
FS_1   PNT3.Ambient.Fl_O  1286.29    15.351    552.48   132.30  0.0000  1270.94    14.696    545.67   8901.5  0.2500   1.39972
FS1bld PNT3.Inlet.Bleed>     0.00    15.237    552.48   132.30  0.0000     0.00     0.000      0.00      0.0  0.0000   1.39972
FS1byp PNT3.Inlet.Bypas>     0.00    15.237    552.48   132.30  0.0000     0.00     0.000      0.00      0.0  0.0000   1.39972
FS_11  PNT3.Inlet.Fl_O    1286.29    15.237    552.48   132.30  0.0000  1280.45    12.535    522.53   4767.6  0.5355   1.39972
FS_2   PNT3.InletFlowCo>  1286.29    15.237    552.48   132.30  0.0000  1280.45    12.535    522.53   4767.6  0.5355   1.39972
FS_21  PNT3.Fan.Fl_O      1286.29    22.262    620.44   148.63  0.0000   928.70    20.303    604.36   4640.3  0.3654   1.39833
FS_13  PNT3.Splitter.Fl>  1185.88    22.262    620.44   148.63  0.0000   856.20    20.187    603.38   4169.8  0.3767   1.39833
FS_22  PNT3.Splitter.Fl>   100.41    22.262    620.44   148.63  0.0000    72.50    21.150    611.45    470.5  0.2717   1.39833
FS_15  PNT3.BypBld.Fl_O   1185.88    22.262    620.44   148.63  0.0000   856.20    20.187    603.38   4169.8  0.3767   1.39833
FS_23  PNT3.Duct4.Fl_O     100.41    22.155    620.44   148.63  0.0000    72.85    21.037    611.36    470.5  0.2731   1.39833
FS_24  PNT3.LPC.Fl_O       100.41    41.384    750.47   180.03  0.0000    42.89    39.250    739.32    274.2  0.2766   1.39413
FS_25  PNT3.Duct6.Fl_O     100.41    40.965    750.47   180.03  0.0000    43.33    37.270    730.67    214.2  0.3707   1.39413
FS_3   PNT3.HPC.Fl_O        93.61   577.428   1639.25   406.56  0.0000     4.24   564.504   1629.79     40.4  0.1839   1.34331
FS_36  PNT3.Bld3.Fl_O       84.40   577.428   1639.25   406.56  0.0000     3.82   564.504   1629.79     36.5  0.1839   1.34331
C_HPTi PNT3.BldSplit.Fl>     3.49   562.992   1639.25   406.56  0.0000     0.16   550.391   1629.79      1.5  0.1839   1.34331
FS_4   PNT3.Burner.Fl_O     87.01   562.992   3380.00   950.65  0.0309     5.80   560.914   3377.38    135.1  0.0764   1.26527
FS_45  PNT3.HPT.Fl_O        96.22   142.065   2497.42   669.44  0.0279    21.84   130.036   2447.82    111.5  0.3717   1.29249
FS_46  PNT3.ATD_Bleed.F>    96.22   142.065   2497.42   669.44  0.0279    21.84   130.036   2447.82    111.5  0.3717   1.29249
FS_48  PNT3.Duct11.Fl_O     96.22   141.347   2497.42   669.44  0.0279    21.95   128.305   2443.19    107.9  0.3890   1.29249
FS_5   PNT3.LPT.Fl_O       101.02    19.499   1610.79   410.03  0.0265   134.17    17.541   1569.25    634.4  0.4019   1.32671
FS_7   PNT3.Duct13.Fl_O    101.02    19.291   1610.79   410.03  0.0265   135.62    17.054   1562.49    602.7  0.4341   1.32671
FS_9   PNT3.Core_Nozz.F>   101.02    19.291   1610.79   410.03  0.0265   135.62    14.696   1505.84    458.0  0.6500   1.32671
FS_16  PNT3.Duct15.Fl_O   1185.88    21.961    620.44   148.63  0.0000   867.96    19.850    602.82   4169.8  0.3829   1.39833
FS_17  PNT3.Bld16.Fl_O    1185.88    21.961    620.44   148.63  0.0000   867.96    20.622    609.52   5153.0  0.3000   1.39833
FS_19  PNT3.Byp_Nozz.Fl>  1185.88    21.961    620.44   148.63  0.0000   867.96    14.696    552.88   2640.0  0.7823   1.39833

TURBOMACHINERY PERFORMANCE DATA                                                                                       
               Wc      PR      eff           0       TR   efPoly        pwr     SMN     SMW     s_Re  TC_delta        
PNT3.Fan  1280.45   1.461   0.9355           0   1.1230   0.9381   -29717.6   32.70   18.10  1.01602    0.0000        
PNT3.LPC    72.85   1.868   0.9261           0   1.2096   0.9322    -4461.6   23.67   22.85  1.01223    0.0000        
PNT3.HPC    43.33  14.096   0.8854           0   2.1843   0.9175   -31094.0   24.18   24.58  1.00522    0.0000        
PNT3.HPT     5.80   3.963   0.8987           0   1.3022   0.8837    31194.0    0.00    0.00  0.00000           -0.0000
PNT3.LPT    21.95   7.249   0.9123           0   1.5145   0.8908    34524.5    0.00    0.00  0.00000           -0.0000

TURBOMACHINERY MAP DATA                                                                          
            WcMap   PRmap   effMap      NcMap    R/Parm     s_WcDes   s_PRdes  s_effDes   s_NcDes
PNT3.Fan   692.82   1.461   0.9206      0.884    1.6697      1.8191    1.0002    1.0002    0.0002
PNT3.LPC    76.76   1.868   0.9149      0.900    1.9402      0.9376    1.0000    1.0001    0.0002
PNT3.HPC    46.63  14.081   0.8809      0.966    2.0336      0.9244    1.0011    0.9999    0.0001
PNT3.HPT    10.14   5.999   0.9013    101.950    5.9989      0.5670    1.6872    0.9891    0.0178
PNT3.LPT    35.46   5.165   0.9186     93.700    5.1654      0.6150    0.6666    0.9868    0.0426

===INLETS====    eRam       Afs      Fram                                                                                             
PNT3.Inlet     0.9926   8901.54   11444.3         BLEEDS - interstg  Wb/Win    BldWk     BldP          W        Tt       ht        Pt 
                                                  ABTC       PNT3>  0.000000   1.0000   1.0000     0.0000    750.47   180.03    41.384
====DUCTS====  dPnorm        MN      Aphy         CCC        PNT3>  0.000000   1.0000   1.0000     0.0000    750.47   180.03    41.384
PNT3.Duct4     0.0048    0.2717    470.48         ATDbleed   PNT3>  0.000000   1.0000   1.0000     0.0000   1639.25   406.56   577.428
PNT3.Duct6     0.0101    0.2766    274.20         CstmrBld   PNT3>  0.019918   0.5000   0.5000     2.0000   1206.66   293.30   309.196
PNT3.Duct11    0.0051    0.3717    111.54         C_LPTe     PNT3>  0.002612   0.5000   0.5000     0.2622   1206.66   293.30    19.499
PNT3.Duct13    0.0107    0.4019    634.44         C_LPTi     PNT3>  0.045169   0.5000   0.5000     4.5355   1206.66   293.30   141.347
PNT3.Duct15    0.0136    0.3767   4169.81         FCbleed    PNT3>  0.000000   0.0000   0.0499     0.0000    750.47   180.03    67.744
                                                  IFCbleed   PNT3>  0.000000   0.5000   0.5000     0.0000   1206.66   293.30   309.196
==SPLITTERS==     BPR    dP/P 1    dP/P 2         LPTFCbleed PNT3>  0.000000   0.5000   0.5500     0.0000   1206.66   293.30    19.499
PNT3.Splitt>  11.8101    0.0000    0.0000                                                                                             
                                                  BLEEDS - output    Wb/Win   hscale   Pscale          W        Tt       ht        Pt 
===SHAFTS====   Nmech    trq in    pwr in         Duct15Lk PNT3.B>  0.000000   1.0000   1.0000     0.0000    620.44   148.63    22.262
PNT3.HP_Sha>  14622.34   11204.4   31194.0        HX_CE    PNT3.B>  0.000000   1.0000   1.0000     0.0000    620.44   148.63    22.262
PNT3.LP_Sha>   4828.60   37552.6   34524.5        HX_ICE   PNT3.B>  0.000000   1.0000   1.0000     0.0000    620.44   148.63    22.262
                                                  C_HPT    PNT3.B>  0.098395   1.0000   1.0000     9.2113   1639.25   406.56   577.428
                                                  C_HPTe   PNT3.B>  0.620828   1.0000   1.0000     5.7186   1639.25   406.56   142.065
                                                  Circbld  PNT3.B>  0.000000   1.0000   1.0000     0.0000    620.44   148.63    21.961

===BURNERS===   TtOut       eff    dPnorm      Wfuel       FAR    EINOx                   
PNT3.Burner   3380.00    0.9990    0.0250    2.60768   0.03090   45.889                   
                                                                                          
                                                                                          
===NOZZLES===      PR       Cfg      CdTh       Cv        Ath      MNth     Vact        Fg
PNT3.Core_N>    1.313    0.9909    0.9086   0.9909     504.14     0.650   1195.8    3754.4
PNT3.Byp_No>    1.494    0.9958    0.9095   0.9958    2902.67     0.782    897.8   33089.9





