************************************************************************************************************************************
Date:02/15/23    Time:17:02:33    Model:                   High BPR Turbofan Multiple-point Design Model    converge = 1   CASE:   0 
Version: NPSS_1.6.4 - Rev: V    Gas Package:GasTbl    iter/pass/Jacb/Broy=  6/ 79/ 1/ 4    Run by:          jdecroix3      PC:     0 
                                                                                                                                     
                                       SUMMARY OUTPUT DATA                                                                           
    MN       alt    dTamb         W         Fn      TSFC      Wfuel       BPR      VTAS      OPR       T4      T41      T49          
 0.000       0.0    27.00   1212.70    33109.9    0.2756    9126.40   11.4680      0.00   38.335   3379.4   3319.5   2443.8          
                                Thermal Eff: 0.5007     Propulsive Eff: 0.0000     Overall Eff: 0.0000                               

                                        FLOW STATION DATA                                                                     
                                W        Pt        Tt       ht     FAR       Wc        Ps        Ts     Aphy      MN      gamt
FS_1   PNT4.Ambient.Fl_O  1212.70    14.696    545.67   130.66  0.0000  1243.88    14.696    545.67  -----.-  0.0000   1.39973
FS1bld PNT4.Inlet.Bleed>     0.00    14.585    545.66   130.66  0.0000     0.00     0.000      0.00      0.0  0.0000   1.39973
FS1byp PNT4.Inlet.Bypas>     0.00    14.585    545.66   130.66  0.0000     0.00     0.000      0.00      0.0  0.0000   1.39973
FS_11  PNT4.Inlet.Fl_O    1212.70    14.585    545.66   130.66  0.0000  1253.28    12.139    517.79   4767.6  0.5190   1.39973
FS_2   PNT4.InletFlowCo>  1212.70    14.585    545.66   130.66  0.0000  1253.28    12.139    517.79   4767.6  0.5190   1.39973
FS_21  PNT4.Fan.Fl_O      1212.70    21.417    615.09   147.34  0.0000   906.19    19.633    600.02   4640.3  0.3549   1.39844
FS_13  PNT4.Splitter.Fl>  1115.43    21.417    615.09   147.34  0.0000   833.51    19.538    599.19   4169.8  0.3648   1.39844
FS_22  PNT4.Splitter.Fl>    97.26    21.417    615.09   147.34  0.0000    72.68    20.342    606.13    470.5  0.2724   1.39844
FS_15  PNT4.BypBld.Fl_O   1115.43    21.417    615.09   147.34  0.0000   833.51    19.538    599.19   4169.8  0.3648   1.39844
FS_23  PNT4.Duct4.Fl_O      97.26    21.314    615.09   147.34  0.0000    73.03    20.233    606.03    470.5  0.2739   1.39844
FS_24  PNT4.LPC.Fl_O        97.26    39.344    741.53   177.86  0.0000    43.44    37.260    730.19    274.2  0.2805   1.39445
FS_25  PNT4.Duct6.Fl_O      97.26    38.946    741.53   177.86  0.0000    43.88    35.331    721.36    214.2  0.3763   1.39445
FS_3   PNT4.HPC.Fl_O        90.62   559.130   1630.40   404.19  0.0000     4.22   546.694   1621.04     40.4  0.1833   1.34376
FS_36  PNT4.Bld3.Fl_O       81.70   559.130   1630.40   404.19  0.0000     3.81   546.694   1621.04     36.5  0.1833   1.34376
C_HPTi PNT4.BldSplit.Fl>     3.38   545.152   1630.40   404.19  0.0000     0.16   533.026   1621.04      1.5  0.1833   1.34376
FS_4   PNT4.Burner.Fl_O     84.24   545.152   3379.42   950.64  0.0310     5.80   543.141   3376.80    135.1  0.0764   1.26519
FS_45  PNT4.HPT.Fl_O        93.15   137.506   2496.73   669.33  0.0280    21.84   125.861   2447.14    111.5  0.3718   1.29244
FS_46  PNT4.ATD_Bleed.F>    93.15   137.506   2496.73   669.33  0.0280    21.84   125.861   2447.14    111.5  0.3718   1.29244
FS_48  PNT4.Duct11.Fl_O     93.15   136.811   2496.73   669.33  0.0280    21.95   124.186   2442.51    107.9  0.3890   1.29244
FS_5   PNT4.LPT.Fl_O        97.80    19.231   1617.00   411.81  0.0266   131.96    17.372   1576.96    634.4  0.3939   1.32632
FS_7   PNT4.Duct13.Fl_O     97.80    19.026   1617.00   411.81  0.0266   133.38    16.903   1570.50    602.7  0.4252   1.32632
FS_9   PNT4.Core_Nozz.F>    97.80    19.026   1617.00   411.81  0.0266   133.38    14.696   1516.95    457.2  0.6329   1.32632
FS_16  PNT4.Duct15.Fl_O   1115.43    21.127    615.09   147.34  0.0000   844.96    19.215    598.68   4169.8  0.3708   1.39844
FS_17  PNT4.Bld16.Fl_O    1115.43    21.127    615.09   147.34  0.0000   844.96    19.838    604.25   5015.6  0.3000   1.39844
FS_19  PNT4.Byp_Nozz.Fl>  1115.43    21.127    615.09   147.34  0.0000   844.96    14.696    554.15   2620.9  0.7420   1.39844

TURBOMACHINERY PERFORMANCE DATA                                                                                       
               Wc      PR      eff           0       TR   efPoly        pwr     SMN     SMW     s_Re  TC_delta        
PNT4.Fan  1253.28   1.468   0.9176           0   1.1272   0.9209   -28614.8   29.08   15.76  1.01598    0.0000        
PNT4.LPC    73.03   1.846   0.9251           0   1.2056   0.9310    -4200.4   25.50   24.64  1.01191    0.0000        
PNT4.HPC    43.88  14.357   0.8846           0   2.1987   0.9170   -30081.9   23.70   24.08  1.00496    0.0000        
PNT4.HPT     5.80   3.965   0.8982           0   1.3020   0.8831    30181.9    0.00    0.00  0.00000           -0.0000
PNT4.LPT    21.95   7.114   0.9119           0   1.5080   0.8905    33146.6    0.00    0.00  0.00000           -0.0000

TURBOMACHINERY MAP DATA                                                                          
            WcMap   PRmap   effMap      NcMap    R/Parm     s_WcDes   s_PRdes  s_effDes   s_NcDes
PNT4.Fan   678.14   1.468   0.9030      0.886    1.5828      1.8191    1.0002    1.0002    0.0002
PNT4.LPC    76.98   1.846   0.9141      0.900    2.0043      0.9376    1.0000    1.0001    0.0002
PNT4.HPC    47.24  14.341   0.8803      0.969    2.0317      0.9244    1.0011    0.9999    0.0001
PNT4.HPT    10.14   6.002   0.9010    101.640    6.0017      0.5670    1.6872    0.9891    0.0178
PNT4.LPT    35.47   5.076   0.9184     93.268    5.0755      0.6150    0.6666    0.9868    0.0426

===INLETS====    eRam       Afs      Fram                                                                                             
PNT4.Inlet     0.9925  -----.--       0.0         BLEEDS - interstg  Wb/Win    BldWk     BldP          W        Tt       ht        Pt 
                                                  ABTC       PNT4>  0.000000   1.0000   1.0000     0.0000    741.53   177.86    39.344
====DUCTS====  dPnorm        MN      Aphy         CCC        PNT4>  0.000000   1.0000   1.0000     0.0000    741.53   177.86    39.344
PNT4.Duct4     0.0048    0.2724    470.48         ATDbleed   PNT4>  0.000000   1.0000   1.0000     0.0000   1630.40   404.19   559.130
PNT4.Duct6     0.0101    0.2805    274.20         CstmrBld   PNT4>  0.020562   0.5000   0.5000     2.0000   1197.74   291.03   299.038
PNT4.Duct11    0.0051    0.3718    111.54         C_LPTe     PNT4>  0.002612   0.5000   0.5000     0.2540   1197.74   291.03    19.231
PNT4.Duct13    0.0107    0.3939    634.44         C_LPTi     PNT4>  0.045169   0.5000   0.5000     4.3933   1197.74   291.03   136.811
PNT4.Duct15    0.0136    0.3648   4169.81         FCbleed    PNT4>  0.000000   0.0000   0.0499     0.0000    741.53   177.86    64.912
                                                  IFCbleed   PNT4>  0.000000   0.5000   0.5000     0.0000   1197.74   291.03   299.038
==SPLITTERS==     BPR    dP/P 1    dP/P 2         LPTFCbleed PNT4>  0.000000   0.5000   0.5500     0.0000   1197.74   291.03    19.231
PNT4.Splitt>  11.4680    0.0000    0.0000                                                                                             
                                                  BLEEDS - output    Wb/Win   hscale   Pscale          W        Tt       ht        Pt 
===SHAFTS====   Nmech    trq in    pwr in         Duct15Lk PNT4.B>  0.000000   1.0000   1.0000     0.0000    615.09   147.34    21.417
PNT4.HP_Sha>  14576.60   10874.9   30181.9        HX_CE    PNT4.B>  0.000000   1.0000   1.0000     0.0000    615.09   147.34    21.417
PNT4.LP_Sha>   4805.68   36225.9   33146.6        HX_ICE   PNT4.B>  0.000000   1.0000   1.0000     0.0000    615.09   147.34    21.417
                                                  C_HPT    PNT4.B>  0.098395   1.0000   1.0000     8.9163   1630.40   404.19   559.130
                                                  C_HPTe   PNT4.B>  0.620828   1.0000   1.0000     5.5355   1630.40   404.19   137.506
                                                  Circbld  PNT4.B>  0.000000   1.0000   1.0000     0.0000    615.09   147.34    21.127

===BURNERS===   TtOut       eff    dPnorm      Wfuel       FAR    EINOx                   
PNT4.Burner   3379.42    0.9990    0.0250    2.53511   0.03103   45.058                   
                                                                                          
                                                                                          
===NOZZLES===      PR       Cfg      CdTh       Cv        Ath      MNth     Vact        Fg
PNT4.Core_N>    1.295    0.9910    0.9069   0.9910     504.14     0.633   1168.3    3551.2
PNT4.Byp_No>    1.438    0.9958    0.9029   0.9958    2902.67     0.742    852.6   29558.7





