************************************************************************************************************************************
Date:02/15/23    Time:17:02:33    Model:                   High BPR Turbofan Multiple-point Design Model    converge = 1   CASE:   0 
Version: NPSS_1.6.4 - Rev: V    Gas Package:GasTbl    iter/pass/Jacb/Broy=  6/ 79/ 1/ 4    Run by:          jdecroix3      PC:     0 
                                                                                                                                     
                                       SUMMARY OUTPUT DATA                                                                           
    MN       alt    dTamb         W         Fn      TSFC      Wfuel       BPR      VTAS      OPR       T4      T41      T49          
 0.000       0.0     0.00   1245.68    33109.9    0.2562    8482.20   11.5841      0.00   38.072   3152.4   3096.7   2269.1          
                                Thermal Eff: 0.5128     Propulsive Eff: 0.0000     Overall Eff: 0.0000                               

                                        FLOW STATION DATA                                                                     
                                W        Pt        Tt       ht     FAR       Wc        Ps        Ts     Aphy      MN      gamt
FS_1   PNT5.Ambient.Fl_O  1245.68    14.696    518.67   124.18  0.0000  1245.69    14.696    518.67  -----.-  0.0000   1.39978
FS1bld PNT5.Inlet.Bleed>     0.00    14.696    518.66   124.18  0.0000     0.00     0.000      0.00      0.0  0.0000   1.39978
FS1byp PNT5.Inlet.Bypas>     0.00    14.696    518.66   124.18  0.0000     0.00     0.000      0.00      0.0  0.0000   1.39978
FS_11  PNT5.Inlet.Fl_O    1245.68    14.696    518.66   124.18  0.0000  1245.69    12.270    492.59   4767.6  0.5142   1.39978
FS_2   PNT5.InletFlowCo>  1245.68    14.696    518.66   124.18  0.0000  1245.69    12.270    492.59   4767.6  0.5142   1.39978
FS_21  PNT5.Fan.Fl_O      1245.68    21.479    583.23   139.68  0.0000   903.80    19.698    568.99   4640.3  0.3538   1.39966
FS_13  PNT5.Splitter.Fl>  1146.69    21.479    583.23   139.68  0.0000   831.98    19.600    568.18   4169.8  0.3640   1.39966
FS_22  PNT5.Splitter.Fl>    98.99    21.479    583.23   139.68  0.0000    71.82    20.427    574.93    470.5  0.2688   1.39966
FS_15  PNT5.BypBld.Fl_O   1146.69    21.479    583.23   139.68  0.0000   831.98    19.600    568.18   4169.8  0.3640   1.39966
FS_23  PNT5.Duct4.Fl_O      98.99    21.375    583.23   139.68  0.0000    72.17    20.318    574.84    470.5  0.2702   1.39966
FS_24  PNT5.LPC.Fl_O        98.99    40.161    707.34   169.58  0.0000    42.30    38.151    697.10    274.2  0.2722   1.39589
FS_25  PNT5.Duct6.Fl_O      98.99    39.754    707.34   169.58  0.0000    42.73    36.278    689.20    214.2  0.3644   1.39589
FS_3   PNT5.HPC.Fl_O        94.26   559.496   1550.42   382.83  0.0000     4.28   546.701   1541.19     40.4  0.1856   1.34785
FS_36  PNT5.Bld3.Fl_O       84.98   559.496   1550.42   382.83  0.0000     3.86   546.701   1541.19     36.5  0.1856   1.34785
C_HPTi PNT5.BldSplit.Fl>     3.52   545.508   1550.42   382.83  0.0000     0.16   533.033   1541.19      1.5  0.1856   1.34785
FS_4   PNT5.Burner.Fl_O     87.34   545.508   3152.36   873.24  0.0277     5.80   543.494   3149.86    135.1  0.0762   1.27350
FS_45  PNT5.HPT.Fl_O        96.61   137.355   2316.55   612.89  0.0250    21.85   125.729   2269.67    111.5  0.3706   1.29995
FS_46  PNT5.ATD_Bleed.F>    96.61   137.355   2316.55   612.89  0.0250    21.85   125.729   2269.67    111.5  0.3706   1.29995
FS_48  PNT5.Duct11.Fl_O     96.61   136.660   2316.55   612.89  0.0250    21.96   124.057   2265.30    107.9  0.3878   1.29995
FS_5   PNT5.LPT.Fl_O       101.34    19.175   1488.56   375.22  0.0238   131.59    17.334   1451.26    634.4  0.3911   1.33489
FS_7   PNT5.Duct13.Fl_O    101.34    18.970   1488.56   375.22  0.0238   133.01    16.870   1445.27    602.7  0.4221   1.33489
FS_9   PNT5.Core_Nozz.F>   101.34    18.970   1488.56   375.22  0.0238   133.01    14.696   1395.76    457.1  0.6272   1.33489
FS_16  PNT5.Duct15.Fl_O   1146.69    21.188    583.23   139.68  0.0000   843.41    19.277    567.70   4169.8  0.3700   1.39966
FS_17  PNT5.Bld16.Fl_O    1146.69    21.188    583.23   139.68  0.0000   843.41    19.921    572.93   4998.9  0.3000   1.39966
FS_19  PNT5.Byp_Nozz.Fl>  1146.69    21.188    583.23   139.68  0.0000   843.41    14.696    525.37   2622.3  0.7423   1.39966

TURBOMACHINERY PERFORMANCE DATA                                                                                       
               Wc      PR      eff           0       TR   efPoly        pwr     SMN     SMW     s_Re  TC_delta        
PNT5.Fan  1245.69   1.462   0.9171           0   1.1245   0.9226   -27319.1   29.37   15.73  1.01705    0.0000        
PNT5.LPC    72.17   1.879   0.9272           0   1.2128   0.9330    -4187.7   21.78   21.01  1.01277    0.0000        
PNT5.HPC    42.73  14.074   0.8875           0   2.1919   0.9191   -29153.3   22.42   22.83  1.00552    0.0000        
PNT5.HPT     5.80   3.972   0.8991           0   1.3101   0.8838    29153.3    0.00    0.00  0.00000           -0.0000
PNT5.LPT    21.96   7.127   0.9128           0   1.5212   0.8911    31825.0    0.00    0.00  0.00000           -0.0000

TURBOMACHINERY MAP DATA                                                                          
            WcMap   PRmap   effMap      NcMap    R/Parm     s_WcDes   s_PRdes  s_effDes   s_NcDes
PNT5.Fan   673.32   1.461   0.9015      0.881    1.5815      1.8191    1.0002    1.0002    0.0002
PNT5.LPC    76.00   1.879   0.9154      0.896    1.8649      0.9376    1.0000    1.0001    0.0002
PNT5.HPC    45.97  14.059   0.8827      0.963    1.9660      0.9244    1.0011    0.9999    0.0001
PNT5.HPT    10.14   6.013   0.9013    102.193    6.0134      0.5670    1.6872    0.9891    0.0178
PNT5.LPT    35.46   5.084   0.9187     93.882    5.0843      0.6150    0.6666    0.9868    0.0426

===INLETS====    eRam       Afs      Fram                                                                                             
PNT5.Inlet     1.0000  -----.--       0.0         BLEEDS - interstg  Wb/Win    BldWk     BldP          W        Tt       ht        Pt 
                                                  ABTC       PNT5>  0.000000   1.0000   1.0000     0.0000    707.34   169.58    40.161
====DUCTS====  dPnorm        MN      Aphy         CCC        PNT5>  0.000000   1.0000   1.0000     0.0000    707.34   169.58    40.161
PNT5.Duct4     0.0048    0.2688    470.48         ATDbleed   PNT5>  0.000000   1.0000   1.0000     0.0000   1550.42   382.83   559.496
PNT5.Duct6     0.0101    0.2722    274.20         CstmrBld   PNT5>  0.000000   0.5000   0.5000     0.0000   1139.35   276.21   299.625
PNT5.Duct11    0.0051    0.3706    111.54         C_LPTe     PNT5>  0.002612   0.5000   0.5000     0.2585   1139.35   276.21    19.175
PNT5.Duct13    0.0107    0.3911    634.44         C_LPTi     PNT5>  0.045169   0.5000   0.5000     4.4712   1139.35   276.21   136.660
PNT5.Duct15    0.0136    0.3640   4169.81         FCbleed    PNT5>  0.000000   0.0000   0.0499     0.0000    707.34   169.58    65.699
                                                  IFCbleed   PNT5>  0.000000   0.5000   0.5000     0.0000   1139.35   276.21   299.625
==SPLITTERS==     BPR    dP/P 1    dP/P 2         LPTFCbleed PNT5>  0.000000   0.5000   0.5500     0.0000   1139.35   276.21    19.175
PNT5.Splitt>  11.5841    0.0000    0.0000                                                                                             
                                                  BLEEDS - output    Wb/Win   hscale   Pscale          W        Tt       ht        Pt 
===SHAFTS====   Nmech    trq in    pwr in         Duct15Lk PNT5.B>  0.000000   1.0000   1.0000     0.0000    583.23   139.68    21.479
PNT5.HP_Sha>  14155.04   10817.1   29153.3        HX_CE    PNT5.B>  0.000000   1.0000   1.0000     0.0000    583.23   139.68    21.479
PNT5.LP_Sha>   4659.52   35872.5   31825.0        HX_ICE   PNT5.B>  0.000000   1.0000   1.0000     0.0000    583.23   139.68    21.479
                                                  C_HPT    PNT5.B>  0.098395   1.0000   1.0000     9.2746   1550.42   382.83   559.496
                                                  C_HPTe   PNT5.B>  0.620828   1.0000   1.0000     5.7579   1550.42   382.83   137.355
                                                  Circbld  PNT5.B>  0.000000   1.0000   1.0000     0.0000    583.23   139.68    21.188

===BURNERS===   TtOut       eff    dPnorm      Wfuel       FAR    EINOx                   
PNT5.Burner   3152.36    0.9990    0.0250    2.35617   0.02772   24.243                   
                                                                                          
                                                                                          
===NOZZLES===      PR       Cfg      CdTh       Cv        Ath      MNth     Vact        Fg
PNT5.Core_N>    1.291    0.9910    0.9066   0.9910     504.14     0.627   1114.2    3509.6
PNT5.Byp_No>    1.442    0.9958    0.9034   0.9958    2902.67     0.742    830.5   29600.3





