************************************************************************************************************************************
Date:02/15/23    Time:17:02:33    Model:                   High BPR Turbofan Multiple-point Design Model    converge = 1   CASE:   0 
Version: NPSS_1.6.4 - Rev: V    Gas Package:GasTbl    iter/pass/Jacb/Broy=  6/ 79/ 1/ 4    Run by:          jdecroix3      PC:     0 
                                                                                                                                     
                                       SUMMARY OUTPUT DATA                                                                           
    MN       alt    dTamb         W         Fn      TSFC      Wfuel       BPR      VTAS      OPR       T4      T41      T49          
 0.850   39000.0     0.00    492.08     5800.0    0.5652    3277.99   11.3464    822.84   46.900   3094.4   3037.7   2226.1          
                                Thermal Eff: 0.5679     Propulsive Eff: 0.6383     Overall Eff: 0.3625                               

                                        FLOW STATION DATA                                                                     
                                W        Pt        Tt       ht     FAR       Wc        Ps        Ts     Aphy      MN      gamt
FS_1   PNT2.Ambient.Fl_O   492.08     4.559    446.27   106.81  0.0000  1471.33     2.854    389.97   4359.7  0.8500   1.39971
FS1bld PNT2.Inlet.Bleed>     0.00     4.555    446.27   106.81  0.0000     0.00     0.000      0.00      0.0  0.0000   1.39971
FS1byp PNT2.Inlet.Bypas>     0.00     4.555    446.27   106.81  0.0000     0.00     0.000      0.00      0.0  0.0000   1.39971
FS_11  PNT2.Inlet.Fl_O     492.08     4.555    446.27   106.81  0.0000  1472.68     3.346    408.67   4767.6  0.6788   1.39971
FS_2   PNT2.InletFlowCo>   492.08     4.555    446.27   106.81  0.0000  1472.68     3.346    408.67   4767.6  0.6788   1.39971
FS_21  PNT2.Fan.Fl_O       492.08     6.960    510.86   122.31  0.0000  1031.21     6.182    493.85   4640.3  0.4147   1.39979
FS_13  PNT2.Splitter.Fl>   452.23     6.960    510.86   122.31  0.0000   947.69     6.141    492.90   4169.8  0.4266   1.39979
FS_22  PNT2.Splitter.Fl>    39.86     6.960    510.86   122.31  0.0000    83.52     6.489    500.74    470.5  0.3178   1.39979
FS_15  PNT2.BypBld.Fl_O    452.23     6.960    510.86   122.31  0.0000   947.69     6.141    492.90   4169.8  0.4266   1.39979
FS_23  PNT2.Duct4.Fl_O      39.86     6.926    510.86   122.31  0.0000    83.93     6.453    500.63    470.5  0.3196   1.39979
FS_24  PNT2.LPC.Fl_O        39.86    15.944    664.76   159.30  0.0000    41.59    15.174    655.47    274.2  0.2671   1.39740
FS_25  PNT2.Duct6.Fl_O      39.86    15.782    664.76   159.30  0.0000    42.02    14.453    648.33    214.2  0.3571   1.39740
FS_3   PNT2.HPC.Fl_O        35.95   213.627   1455.93   357.85  0.0000     4.14   209.057   1447.73     40.4  0.1791   1.35303
FS_36  PNT2.Bld3.Fl_O       32.41   213.627   1455.93   357.85  0.0000     3.74   209.057   1447.73     36.5  0.1791   1.35303
C_HPTi PNT2.BldSplit.Fl>     1.34   208.286   1455.93   357.85  0.0000     0.16   203.830   1447.73      1.5  0.1791   1.35303
FS_4   PNT2.Burner.Fl_O     33.33   208.286   3094.41   855.24  0.0281     5.74   207.532   3092.00    135.1  0.0754   1.27470
FS_45  PNT2.HPT.Fl_O        36.86    52.693   2277.18   601.43  0.0253    21.54    48.371   2232.45    111.5  0.3644   1.30092
FS_46  PNT2.ATD_Bleed.F>    36.86    52.693   2277.18   601.43  0.0253    21.54    48.371   2232.45    111.5  0.3644   1.30092
FS_48  PNT2.Duct11.Fl_O     36.86    52.426   2277.18   601.43  0.0253    21.65    47.743   2228.31    107.9  0.3812   1.30092
FS_5   PNT2.LPT.Fl_O        38.77     5.779   1386.49   347.55  0.0241   161.19     4.881   1328.02    634.4  0.5069   1.34065
FS_7   PNT2.Duct13.Fl_O     38.77     5.717   1386.49   347.55  0.0241   162.93     4.673   1316.95    602.7  0.5548   1.34065
FS_9   PNT2.Core_Nozz.F>    38.77     5.717   1386.49   347.55  0.0241   162.93     3.065   1180.79    481.3  1.0000   1.34065
FS_16  PNT2.Duct15.Fl_O    452.23     6.865    510.86   122.31  0.0000   960.71     6.031    492.29   4169.8  0.4341   1.39979
FS_17  PNT2.Bld16.Fl_O     452.23     6.865    510.86   122.31  0.0000   960.71     6.444    501.82   5701.4  0.3000   1.39979
FS_19  PNT2.Byp_Nozz.Fl>   452.23     6.865    510.86   122.31  0.0000   960.71     3.640    425.74   2790.2  1.0000   1.39979

TURBOMACHINERY PERFORMANCE DATA                                                                                       
               Wc      PR      eff           0       TR   efPoly        pwr     SMN     SMW     s_Re  TC_delta        
PNT2.Fan  1472.68   1.528   0.9037           0   1.1447   0.9071   -10784.7   34.79   26.65  0.99623    0.0000        
PNT2.LPC    83.93   2.302   0.8901           0   1.3013   0.9022    -2086.4   15.58   15.35  0.99708    0.0000        
PNT2.HPC    42.02  13.536   0.8802           0   2.1901   0.9137   -10647.9   25.86   26.31  0.99851    0.0000        
PNT2.HPT     5.74   3.953   0.8886           0   1.3052   0.8720    10747.9    0.00    0.00  0.00000           -0.0000
PNT2.LPT    21.65   9.072   0.9103           0   1.6017   0.8846    13001.1    0.00    0.00  0.00000           -0.0000

TURBOMACHINERY MAP DATA                                                                          
            WcMap   PRmap   effMap      NcMap    R/Parm     s_WcDes   s_PRdes  s_effDes   s_NcDes
PNT2.Fan   812.65   1.528   0.9069      1.022    2.3146      1.8191    1.0002    1.0002    0.0002
PNT2.LPC    89.78   2.302   0.8926      1.030    2.4761      0.9376    1.0000    1.0001    0.0002
PNT2.HPC    45.52  13.521   0.8816      0.961    2.0588      0.9244    1.0011    0.9999    0.0001
PNT2.HPT    10.14   5.982   0.8997     99.750    5.9819      0.5670    1.6872    0.9891    0.0178
PNT2.LPT    35.24   6.381   0.9234    101.868    6.3808      0.6150    0.6666    0.9868    0.0426

===INLETS====    eRam       Afs      Fram                                                                                             
PNT2.Inlet     0.9991   4359.70   12584.8         BLEEDS - interstg  Wb/Win    BldWk     BldP          W        Tt       ht        Pt 
                                                  ABTC       PNT2>  0.000000   1.0000   1.0000     0.0000    664.76   159.30    15.944
====DUCTS====  dPnorm        MN      Aphy         CCC        PNT2>  0.000000   1.0000   1.0000     0.0000    664.76   159.30    15.944
PNT2.Duct4     0.0048    0.3178    470.48         ATDbleed   PNT2>  0.000000   1.0000   1.0000     0.0000   1455.93   357.85   213.627
PNT2.Duct6     0.0101    0.2671    274.20         CstmrBld   PNT2>  0.050180   0.5000   0.5000     2.0000   1069.33   258.58   114.705
PNT2.Duct11    0.0051    0.3644    111.54         C_LPTe     PNT2>  0.002612   0.5000   0.5000     0.1041   1069.33   258.58     5.779
PNT2.Duct13    0.0107    0.5069    634.44         C_LPTi     PNT2>  0.045169   0.5000   0.5000     1.8003   1069.33   258.58    52.426
PNT2.Duct15    0.0136    0.4266   4169.81         FCbleed    PNT2>  0.000000   0.0000   0.0499     0.0000    664.76   159.30    25.658
                                                  IFCbleed   PNT2>  0.000000   0.5000   0.5000     0.0000   1069.33   258.58   114.705
==SPLITTERS==     BPR    dP/P 1    dP/P 2         LPTFCbleed PNT2>  0.000000   0.5000   0.5500     0.0000   1069.33   258.58     5.779
PNT2.Splitt>  11.3464    0.0000    0.0000                                                                                             
                                                  BLEEDS - output    Wb/Win   hscale   Pscale          W        Tt       ht        Pt 
===SHAFTS====   Nmech    trq in    pwr in         Duct15Lk PNT2.B>  0.000000   1.0000   1.0000     0.0000    510.86   122.31     6.960
PNT2.HP_Sha>  13689.08    4123.7   10747.9        HX_CE    PNT2.B>  0.000000   1.0000   1.0000     0.0000    510.86   122.31     6.960
PNT2.LP_Sha>   5012.74   13622.0   13001.1        HX_ICE   PNT2.B>  0.000000   1.0000   1.0000     0.0000    510.86   122.31     6.960
                                                  C_HPT    PNT2.B>  0.098395   1.0000   1.0000     3.5375   1455.93   357.85   213.627
                                                  C_HPTe   PNT2.B>  0.620828   1.0000   1.0000     2.1962   1455.93   357.85    52.693
                                                  Circbld  PNT2.B>  0.000000   1.0000   1.0000     0.0000    510.86   122.31     6.865

===BURNERS===   TtOut       eff    dPnorm      Wfuel       FAR    EINOx                   
PNT2.Burner   3094.41    0.9990    0.0250    0.91055   0.02809   13.933                   
                                                                                          
                                                                                          
===NOZZLES===      PR       Cfg      CdTh       Cv        Ath      MNth     Vact        Fg
PNT2.Core_N>    2.003    0.9907    0.9547   0.9903     504.14     1.000   1640.9    2078.5
PNT2.Byp_No>    2.406    0.9945    0.9613   0.9943    2902.67     1.000   1005.5   16327.1





